Remember that you can report errors and get help in https://github.com/NicoSantangelo/sublime-gulp

01-17-2020 13:33:
C:\Windows\system32\cmd.exe[10480]: c:\ws\src\node_contextify.cc:649: Assertion `args[1]->IsString()' failed.
 1: 00007FF6F7A8232F napi_wrap+124543
 2: 00007FF6F7A236A6 v8::base::CPU::has_sse+34502
 3: 00007FF6F7A239C3 v8::base::CPU::has_sse+35299
 4: 00007FF6F7A2E473 v8::base::CPU::has_sse+78995
 5: 00007FF6F81DCE60 v8::internal::Builtins::builtin_handle+325536
 6: 00007FF6F81DC036 v8::internal::Builtins::builtin_handle+321910
 7: 00007FF6F81DC6B2 v8::internal::Builtins::builtin_handle+323570
 8: 00007FF6F81DC4EE v8::internal::Builtins::builtin_handle+323118
 9: 00007FF6F865473D v8::internal::SetupIsolateDelegate::SetupHeap+568205
10: 00007FF6F85CF8DA v8::internal::SetupIsolateDelegate::SetupHeap+23850
11: 00007FF6F86B5460 v8::internal::SetupIsolateDelegate::SetupHeap+964784
12: 00007FF6F85D41CC v8::internal::SetupIsolateDelegate::SetupHeap+42524
13: 00007FF6F85D41CC v8::internal::SetupIsolateDelegate::SetupHeap+42524
14: 00007FF6F85D41CC v8::internal::SetupIsolateDelegate::SetupHeap+42524
15: 00007FF6F85D41CC v8::internal::SetupIsolateDelegate::SetupHeap+42524
16: 00007FF6F85D41CC v8::internal::SetupIsolateDelegate::SetupHeap+42524
17: 00007FF6F85D41CC v8::internal::SetupIsolateDelegate::SetupHeap+42524
18: 00007FF6F85D41CC v8::internal::SetupIsolateDelegate::SetupHeap+42524
19: 00007FF6F85D41CC v8::internal::SetupIsolateDelegate::SetupHeap+42524
20: 00007FF6F85D41CC v8::internal::SetupIsolateDelegate::SetupHeap+42524
21: 00007FF6F85D41CC v8::internal::SetupIsolateDelegate::SetupHeap+42524
22: 00007FF6F85D41CC v8::internal::SetupIsolateDelegate::SetupHeap+42524
23: 00007FF6F85D41CC v8::internal::SetupIsolateDelegate::SetupHeap+42524
24: 00007FF6F85D41CC v8::internal::SetupIsolateDelegate::SetupHeap+42524
25: 00007FF6F85D41CC v8::internal::SetupIsolateDelegate::SetupHeap+42524
26: 00007FF6F85D41CC v8::internal::SetupIsolateDelegate::SetupHeap+42524
27: 00007FF6F85D41CC v8::internal::SetupIsolateDelegate::SetupHeap+42524
28: 00007FF6F85D41CC v8::internal::SetupIsolateDelegate::SetupHeap+42524
29: 00007FF6F85D41CC v8::internal::SetupIsolateDelegate::SetupHeap+42524
30: 00007FF6F85D41CC v8::internal::SetupIsolateDelegate::SetupHeap+42524
31: 00007FF6F85D41CC v8::internal::SetupIsolateDelegate::SetupHeap+42524
32: 00007FF6F85D41CC v8::internal::SetupIsolateDelegate::SetupHeap+42524
33: 00007FF6F85D41CC v8::internal::SetupIsolateDelegate::SetupHeap+42524
34: 00007FF6F85D41CC v8::internal::SetupIsolateDelegate::SetupHeap+42524
35: 00007FF6F85D41CC v8::internal::SetupIsolateDelegate::SetupHeap+42524
36: 00007FF6F85D41CC v8::internal::SetupIsolateDelegate::SetupHeap+42524
37: 00007FF6F85D41CC v8::internal::SetupIsolateDelegate::SetupHeap+42524
38: 00007FF6F85D41CC v8::internal::SetupIsolateDelegate::SetupHeap+42524
39: 00007FF6F85D41CC v8::internal::SetupIsolateDelegate::SetupHeap+42524
40: 00007FF6F85D41CC v8::internal::SetupIsolateDelegate::SetupHeap+42524
41: 00007FF6F85D41CC v8::internal::SetupIsolateDelegate::SetupHeap+42524
42: 00007FF6F85D41CC v8::internal::SetupIsolateDelegate::SetupHeap+42524
43: 00007FF6F85D41CC v8::internal::SetupIsolateDelegate::SetupHeap+42524
44: 00007FF6F85D41CC v8::internal::SetupIsolateDelegate::SetupHeap+42524
45: 00007FF6F85D41CC v8::internal::SetupIsolateDelegate::SetupHeap+42524
46: 00007FF6F85D41CC v8::internal::SetupIsolateDelegate::SetupHeap+42524
47: 00007FF6F85D41CC v8::internal::SetupIsolateDelegate::SetupHeap+42524
48: 00007FF6F85D41CC v8::internal::SetupIsolateDelegate::SetupHeap+42524
49: 00007FF6F85D41CC v8::internal::SetupIsolateDelegate::SetupHeap+42524
50: 00007FF6F85D41CC v8::internal::SetupIsolateDelegate::SetupHeap+42524
51: 00007FF6F85D41CC v8::internal::SetupIsolateDelegate::SetupHeap+42524
52: 00007FF6F85D41CC v8::internal::SetupIsolateDelegate::SetupHeap+42524
53: 00007FF6F85D41CC v8::internal::SetupIsolateDelegate::SetupHeap+42524
54: 00007FF6F85D41CC v8::internal::SetupIsolateDelegate::SetupHeap+42524
55: 00007FF6F85D41CC v8::internal::SetupIsolateDelegate::SetupHeap+42524
56: 00007FF6F85D41CC v8::internal::SetupIsolateDelegate::SetupHeap+42524
57: 00007FF6F85D41CC v8::internal::SetupIsolateDelegate::SetupHeap+42524
58: 00007FF6F85D41CC v8::internal::SetupIsolateDelegate::SetupHeap+42524
59: 00007FF6F85D41CC v8::internal::SetupIsolateDelegate::SetupHeap+42524
60: 00007FF6F85D41CC v8::internal::SetupIsolateDelegate::SetupHeap+42524
61: 00007FF6F85D41CC v8::internal::SetupIsolateDelegate::SetupHeap+42524
62: 00007FF6F85D41CC v8::internal::SetupIsolateDelegate::SetupHeap+42524
63: 00007FF6F85D41CC v8::internal::SetupIsolateDelegate::SetupHeap+42524
64: 00007FF6F85D41CC v8::internal::SetupIsolateDelegate::SetupHeap+42524
65: 00007FF6F85D41CC v8::internal::SetupIsolateDelegate::SetupHeap+42524
66: 00007FF6F85D41CC v8::internal::SetupIsolateDelegate::SetupHeap+42524
67: 00007FF6F85D41CC v8::internal::SetupIsolateDelegate::SetupHeap+42524
68: 00007FF6F85D41CC v8::internal::SetupIsolateDelegate::SetupHeap+42524
69: 00007FF6F85D41CC v8::internal::SetupIsolateDelegate::SetupHeap+42524
70: 00007FF6F85D41CC v8::internal::SetupIsolateDelegate::SetupHeap+42524
71: 00007FF6F85D41CC v8::internal::SetupIsolateDelegate::SetupHeap+42524
72: 00007FF6F85D41CC v8::internal::SetupIsolateDelegate::SetupHeap+42524
73: 00007FF6F85D41CC v8::internal::SetupIsolateDelegate::SetupHeap+42524
74: 00007FF6F85D41CC v8::internal::SetupIsolateDelegate::SetupHeap+42524
75: 00007FF6F85D41CC v8::internal::SetupIsolateDelegate::SetupHeap+42524
76: 00007FF6F85D41CC v8::internal::SetupIsolateDelegate::SetupHeap+42524
77: 00007FF6F85D41CC v8::internal::SetupIsolateDelegate::SetupHeap+42524
78: 00007FF6F85D41CC v8::internal::SetupIsolateDelegate::SetupHeap+42524
79: 00007FF6F85D1781 v8::internal::SetupIsolateDelegate::SetupHeap+31697
80: 00007FF6F85D136C v8::internal::SetupIsolateDelegate::SetupHeap+30652
81: 00007FF6F8136C53 v8::internal::Execution::CallWasm+1395
82: 00007FF6F81365D6 v8::internal::Execution::Call+182
83: 00007FF6F820784B v8::Function::Call+603
84: 00007FF6F7A4AC1E node::Start+1150
85: 00007FF6F7A4AEC7 node::Start+1831
86: 00007FF6F7A49D9A node::LoadEnvironment+26
87: 00007FF6F79EC725 v8::internal::Scope::locals+30597
88: 00007FF6F7A4A8B3 node::Start+275
89: 00007FF6F790674C RC4_options+339532
90: 00007FF6F8707728 v8::internal::SetupIsolateDelegate::SetupHeap+1301368
91: 00007FFBE04884D4 BaseThreadInitThunk+20
92: 00007FFBE12CE851 RtlUserThreadStart+33


01-17-2020 13:40:
C:\Windows\system32\cmd.exe[216]: c:\ws\src\node_contextify.cc:649: Assertion `args[1]->IsString()' failed.
 1: 00007FF6F7A8232F napi_wrap+124543
 2: 00007FF6F7A236A6 v8::base::CPU::has_sse+34502
 3: 00007FF6F7A239C3 v8::base::CPU::has_sse+35299
 4: 00007FF6F7A2E473 v8::base::CPU::has_sse+78995
 5: 00007FF6F81DCE60 v8::internal::Builtins::builtin_handle+325536
 6: 00007FF6F81DC036 v8::internal::Builtins::builtin_handle+321910
 7: 00007FF6F81DC6B2 v8::internal::Builtins::builtin_handle+323570
 8: 00007FF6F81DC4EE v8::internal::Builtins::builtin_handle+323118
 9: 00007FF6F865473D v8::internal::SetupIsolateDelegate::SetupHeap+568205
10: 00007FF6F85CF8DA v8::internal::SetupIsolateDelegate::SetupHeap+23850
11: 00007FF6F86B5460 v8::internal::SetupIsolateDelegate::SetupHeap+964784
12: 00007FF6F85D41CC v8::internal::SetupIsolateDelegate::SetupHeap+42524
13: 00007FF6F85D41CC v8::internal::SetupIsolateDelegate::SetupHeap+42524
14: 00007FF6F85D41CC v8::internal::SetupIsolateDelegate::SetupHeap+42524
15: 00007FF6F85D41CC v8::internal::SetupIsolateDelegate::SetupHeap+42524
16: 00007FF6F85D41CC v8::internal::SetupIsolateDelegate::SetupHeap+42524
17: 00007FF6F85D41CC v8::internal::SetupIsolateDelegate::SetupHeap+42524
18: 00007FF6F85D41CC v8::internal::SetupIsolateDelegate::SetupHeap+42524
19: 00007FF6F85D41CC v8::internal::SetupIsolateDelegate::SetupHeap+42524
20: 00007FF6F85D41CC v8::internal::SetupIsolateDelegate::SetupHeap+42524
21: 00007FF6F85D41CC v8::internal::SetupIsolateDelegate::SetupHeap+42524
22: 00007FF6F85D41CC v8::internal::SetupIsolateDelegate::SetupHeap+42524
23: 00007FF6F85D41CC v8::internal::SetupIsolateDelegate::SetupHeap+42524
24: 00007FF6F85D41CC v8::internal::SetupIsolateDelegate::SetupHeap+42524
25: 00007FF6F85D41CC v8::internal::SetupIsolateDelegate::SetupHeap+42524
26: 00007FF6F85D41CC v8::internal::SetupIsolateDelegate::SetupHeap+42524
27: 00007FF6F85D41CC v8::internal::SetupIsolateDelegate::SetupHeap+42524
28: 00007FF6F85D41CC v8::internal::SetupIsolateDelegate::SetupHeap+42524
29: 00007FF6F85D41CC v8::internal::SetupIsolateDelegate::SetupHeap+42524
30: 00007FF6F85D41CC v8::internal::SetupIsolateDelegate::SetupHeap+42524
31: 00007FF6F85D41CC v8::internal::SetupIsolateDelegate::SetupHeap+42524
32: 00007FF6F85D41CC v8::internal::SetupIsolateDelegate::SetupHeap+42524
33: 00007FF6F85D41CC v8::internal::SetupIsolateDelegate::SetupHeap+42524
34: 00007FF6F85D41CC v8::internal::SetupIsolateDelegate::SetupHeap+42524
35: 00007FF6F85D41CC v8::internal::SetupIsolateDelegate::SetupHeap+42524
36: 00007FF6F85D41CC v8::internal::SetupIsolateDelegate::SetupHeap+42524
37: 00007FF6F85D41CC v8::internal::SetupIsolateDelegate::SetupHeap+42524
38: 00007FF6F85D41CC v8::internal::SetupIsolateDelegate::SetupHeap+42524
39: 00007FF6F85D41CC v8::internal::SetupIsolateDelegate::SetupHeap+42524
40: 00007FF6F85D41CC v8::internal::SetupIsolateDelegate::SetupHeap+42524
41: 00007FF6F85D41CC v8::internal::SetupIsolateDelegate::SetupHeap+42524
42: 00007FF6F85D41CC v8::internal::SetupIsolateDelegate::SetupHeap+42524
43: 00007FF6F85D41CC v8::internal::SetupIsolateDelegate::SetupHeap+42524
44: 00007FF6F85D41CC v8::internal::SetupIsolateDelegate::SetupHeap+42524
45: 00007FF6F85D41CC v8::internal::SetupIsolateDelegate::SetupHeap+42524
46: 00007FF6F85D41CC v8::internal::SetupIsolateDelegate::SetupHeap+42524
47: 00007FF6F85D41CC v8::internal::SetupIsolateDelegate::SetupHeap+42524
48: 00007FF6F85D41CC v8::internal::SetupIsolateDelegate::SetupHeap+42524
49: 00007FF6F85D41CC v8::internal::SetupIsolateDelegate::SetupHeap+42524
50: 00007FF6F85D41CC v8::internal::SetupIsolateDelegate::SetupHeap+42524
51: 00007FF6F85D41CC v8::internal::SetupIsolateDelegate::SetupHeap+42524
52: 00007FF6F85D41CC v8::internal::SetupIsolateDelegate::SetupHeap+42524
53: 00007FF6F85D41CC v8::internal::SetupIsolateDelegate::SetupHeap+42524
54: 00007FF6F85D41CC v8::internal::SetupIsolateDelegate::SetupHeap+42524
55: 00007FF6F85D41CC v8::internal::SetupIsolateDelegate::SetupHeap+42524
56: 00007FF6F85D41CC v8::internal::SetupIsolateDelegate::SetupHeap+42524
57: 00007FF6F85D41CC v8::internal::SetupIsolateDelegate::SetupHeap+42524
58: 00007FF6F85D41CC v8::internal::SetupIsolateDelegate::SetupHeap+42524
59: 00007FF6F85D41CC v8::internal::SetupIsolateDelegate::SetupHeap+42524
60: 00007FF6F85D41CC v8::internal::SetupIsolateDelegate::SetupHeap+42524
61: 00007FF6F85D41CC v8::internal::SetupIsolateDelegate::SetupHeap+42524
62: 00007FF6F85D41CC v8::internal::SetupIsolateDelegate::SetupHeap+42524
63: 00007FF6F85D41CC v8::internal::SetupIsolateDelegate::SetupHeap+42524
64: 00007FF6F85D41CC v8::internal::SetupIsolateDelegate::SetupHeap+42524
65: 00007FF6F85D41CC v8::internal::SetupIsolateDelegate::SetupHeap+42524
66: 00007FF6F85D41CC v8::internal::SetupIsolateDelegate::SetupHeap+42524
67: 00007FF6F85D41CC v8::internal::SetupIsolateDelegate::SetupHeap+42524
68: 00007FF6F85D41CC v8::internal::SetupIsolateDelegate::SetupHeap+42524
69: 00007FF6F85D41CC v8::internal::SetupIsolateDelegate::SetupHeap+42524
70: 00007FF6F85D41CC v8::internal::SetupIsolateDelegate::SetupHeap+42524
71: 00007FF6F85D41CC v8::internal::SetupIsolateDelegate::SetupHeap+42524
72: 00007FF6F85D41CC v8::internal::SetupIsolateDelegate::SetupHeap+42524
73: 00007FF6F85D41CC v8::internal::SetupIsolateDelegate::SetupHeap+42524
74: 00007FF6F85D41CC v8::internal::SetupIsolateDelegate::SetupHeap+42524
75: 00007FF6F85D41CC v8::internal::SetupIsolateDelegate::SetupHeap+42524
76: 00007FF6F85D41CC v8::internal::SetupIsolateDelegate::SetupHeap+42524
77: 00007FF6F85D41CC v8::internal::SetupIsolateDelegate::SetupHeap+42524
78: 00007FF6F85D41CC v8::internal::SetupIsolateDelegate::SetupHeap+42524
79: 00007FF6F85D1781 v8::internal::SetupIsolateDelegate::SetupHeap+31697
80: 00007FF6F85D136C v8::internal::SetupIsolateDelegate::SetupHeap+30652
81: 00007FF6F8136C53 v8::internal::Execution::CallWasm+1395
82: 00007FF6F81365D6 v8::internal::Execution::Call+182
83: 00007FF6F820784B v8::Function::Call+603
84: 00007FF6F7A4AC1E node::Start+1150
85: 00007FF6F7A4AEC7 node::Start+1831
86: 00007FF6F7A49D9A node::LoadEnvironment+26
87: 00007FF6F79EC725 v8::internal::Scope::locals+30597
88: 00007FF6F7A4A8B3 node::Start+275
89: 00007FF6F790674C RC4_options+339532
90: 00007FF6F8707728 v8::internal::SetupIsolateDelegate::SetupHeap+1301368
91: 00007FFBE04884D4 BaseThreadInitThunk+20
92: 00007FFBE12CE851 RtlUserThreadStart+33
